[INFO] 2024-12-24 17:37:40 [cmdb.validators] Accepting value: None for field: ip
[INFO] 2024-12-24 17:37:40 [cmdb.serializers] Validated default: None
[INFO] 2024-12-24 17:37:40 [cmdb.serializers] Field ip converted default value: None, type: <class 'NoneType'>
[ERROR] 2024-12-24 17:37:40 [cmdb.apps] Error creating model and fields for hosts: (1452, 'Cannot add or update a child row: a foreign key constraint fails (`cmdb`.`model_fields`, CONSTRAINT `model_fields_validation_rule_id_313cdd26_fk_validation_rules_id` FOREIGN KEY (`validation_rule_id`) REFERENCES `validation_rules` (`id`))')
[ERROR] 2024-12-24 17:37:40 [cmdb.apps] Error during initialization: (1452, 'Cannot add or update a child row: a foreign key constraint fails (`cmdb`.`model_fields`, CONSTRAINT `model_fields_validation_rule_id_313cdd26_fk_validation_rules_id` FOREIGN KEY (`validation_rule_id`) REFERENCES `validation_rules` (`id`))')
[INFO] 2024-12-24 17:37:41 [cmdb.validators] Accepting value: None for field: ip
[INFO] 2024-12-24 17:37:41 [cmdb.serializers] Validated default: None
[INFO] 2024-12-24 17:37:41 [cmdb.serializers] Field ip converted default value: None, type: <class 'NoneType'>
[ERROR] 2024-12-24 17:37:41 [cmdb.apps] Error creating model and fields for hosts: (1452, 'Cannot add or update a child row: a foreign key constraint fails (`cmdb`.`model_fields`, CONSTRAINT `model_fields_validation_rule_id_313cdd26_fk_validation_rules_id` FOREIGN KEY (`validation_rule_id`) REFERENCES `validation_rules` (`id`))')
[ERROR] 2024-12-24 17:37:41 [cmdb.apps] Error during initialization: (1452, 'Cannot add or update a child row: a foreign key constraint fails (`cmdb`.`model_fields`, CONSTRAINT `model_fields_validation_rule_id_313cdd26_fk_validation_rules_id` FOREIGN KEY (`validation_rule_id`) REFERENCES `validation_rules` (`id`))')
[INFO] 2024-12-24 17:37:41 [django.utils.autoreload] Watching for file changes with StatReloader
[INFO] 2024-12-24 17:37:41 [django.utils.autoreload] Watching for file changes with StatReloader
[INFO] 2024-12-24 17:41:05 [django.utils.autoreload] C:\Users\78712\Desktop\teligen-ui\vue\django\vuedjango\settings.py changed, reloading.
[INFO] 2024-12-24 17:41:05 [django.utils.autoreload] C:\Users\78712\Desktop\teligen-ui\vue\django\vuedjango\settings.py changed, reloading.
[INFO] 2024-12-24 17:41:06 [cmdb.validators] Accepting value: None for field: ip
[INFO] 2024-12-24 17:41:06 [cmdb.serializers] Validated default: None
[INFO] 2024-12-24 17:41:06 [cmdb.serializers] Field ip converted default value: None, type: <class 'NoneType'>
[ERROR] 2024-12-24 17:41:06 [cmdb.apps] Error creating model and fields for hosts: (1452, 'Cannot add or update a child row: a foreign key constraint fails (`cmdb`.`model_fields`, CONSTRAINT `model_fields_validation_rule_id_313cdd26_fk_validation_rules_id` FOREIGN KEY (`validation_rule_id`) REFERENCES `validation_rules` (`id`))')
[ERROR] 2024-12-24 17:41:06 [cmdb.apps] Error during initialization: (1452, 'Cannot add or update a child row: a foreign key constraint fails (`cmdb`.`model_fields`, CONSTRAINT `model_fields_validation_rule_id_313cdd26_fk_validation_rules_id` FOREIGN KEY (`validation_rule_id`) REFERENCES `validation_rules` (`id`))')
[INFO] 2024-12-24 17:41:06 [django.utils.autoreload] Watching for file changes with StatReloader
[INFO] 2024-12-24 17:41:06 [django.utils.autoreload] Watching for file changes with StatReloader
[INFO] 2024-12-24 17:43:36 [cmdb.validators] Accepting value: None for field: ip
[INFO] 2024-12-24 17:43:36 [cmdb.serializers] Validated default: None
[INFO] 2024-12-24 17:43:36 [cmdb.serializers] Field ip converted default value: None, type: <class 'NoneType'>
[ERROR] 2024-12-24 17:43:36 [cmdb.apps] Error creating model and fields for hosts: (1452, 'Cannot add or update a child row: a foreign key constraint fails (`cmdb`.`model_fields`, CONSTRAINT `model_fields_validation_rule_id_313cdd26_fk_validation_rules_id` FOREIGN KEY (`validation_rule_id`) REFERENCES `validation_rules` (`id`))')
[ERROR] 2024-12-24 17:43:36 [cmdb.apps] Error during initialization: (1452, 'Cannot add or update a child row: a foreign key constraint fails (`cmdb`.`model_fields`, CONSTRAINT `model_fields_validation_rule_id_313cdd26_fk_validation_rules_id` FOREIGN KEY (`validation_rule_id`) REFERENCES `validation_rules` (`id`))')
[INFO] 2024-12-24 17:43:37 [cmdb.validators] Accepting value: None for field: ip
[INFO] 2024-12-24 17:43:37 [cmdb.serializers] Validated default: None
[INFO] 2024-12-24 17:43:37 [cmdb.serializers] Field ip converted default value: None, type: <class 'NoneType'>
[ERROR] 2024-12-24 17:43:37 [cmdb.apps] Error creating model and fields for hosts: (1452, 'Cannot add or update a child row: a foreign key constraint fails (`cmdb`.`model_fields`, CONSTRAINT `model_fields_validation_rule_id_313cdd26_fk_validation_rules_id` FOREIGN KEY (`validation_rule_id`) REFERENCES `validation_rules` (`id`))')
[ERROR] 2024-12-24 17:43:37 [cmdb.apps] Error during initialization: (1452, 'Cannot add or update a child row: a foreign key constraint fails (`cmdb`.`model_fields`, CONSTRAINT `model_fields_validation_rule_id_313cdd26_fk_validation_rules_id` FOREIGN KEY (`validation_rule_id`) REFERENCES `validation_rules` (`id`))')
[INFO] 2024-12-24 17:43:37 [django.utils.autoreload] Watching for file changes with StatReloader
[INFO] 2024-12-24 17:43:37 [django.utils.autoreload] Watching for file changes with StatReloader
[INFO] 2024-12-24 17:43:54 [django.utils.autoreload] C:\Users\78712\Desktop\teligen-ui\vue\django\cmdb\apps.py changed, reloading.
[INFO] 2024-12-24 17:43:54 [django.utils.autoreload] C:\Users\78712\Desktop\teligen-ui\vue\django\cmdb\apps.py changed, reloading.
[INFO] 2024-12-24 17:43:55 [cmdb.validators] Accepting value: None for field: ip
[INFO] 2024-12-24 17:43:55 [cmdb.serializers] Validated default: None
[INFO] 2024-12-24 17:43:55 [cmdb.serializers] Field ip converted default value: None, type: <class 'NoneType'>
[ERROR] 2024-12-24 17:43:55 [cmdb.apps] Error creating model and fields for hosts: (1452, 'Cannot add or update a child row: a foreign key constraint fails (`cmdb`.`model_fields`, CONSTRAINT `model_fields_validation_rule_id_313cdd26_fk_validation_rules_id` FOREIGN KEY (`validation_rule_id`) REFERENCES `validation_rules` (`id`))')
[ERROR] 2024-12-24 17:43:55 [cmdb.apps] Error during initialization: (1452, 'Cannot add or update a child row: a foreign key constraint fails (`cmdb`.`model_fields`, CONSTRAINT `model_fields_validation_rule_id_313cdd26_fk_validation_rules_id` FOREIGN KEY (`validation_rule_id`) REFERENCES `validation_rules` (`id`))')
[INFO] 2024-12-24 17:43:55 [django.utils.autoreload] Watching for file changes with StatReloader
[INFO] 2024-12-24 17:43:55 [django.utils.autoreload] Watching for file changes with StatReloader
[INFO] 2024-12-24 17:44:39 [django.utils.autoreload] C:\Users\78712\Desktop\teligen-ui\vue\django\cmdb\models.py changed, reloading.
[INFO] 2024-12-24 17:44:39 [django.utils.autoreload] C:\Users\78712\Desktop\teligen-ui\vue\django\cmdb\models.py changed, reloading.
[INFO] 2024-12-24 17:44:40 [cmdb.validators] Accepting value: None for field: ip
[INFO] 2024-12-24 17:44:40 [cmdb.serializers] Validated default: None
[INFO] 2024-12-24 17:44:40 [cmdb.serializers] Field ip converted default value: None, type: <class 'NoneType'>
[ERROR] 2024-12-24 17:44:40 [cmdb.apps] Error creating model and fields for hosts: (1452, 'Cannot add or update a child row: a foreign key constraint fails (`cmdb`.`model_fields`, CONSTRAINT `model_fields_validation_rule_id_313cdd26_fk_validation_rules_id` FOREIGN KEY (`validation_rule_id`) REFERENCES `validation_rules` (`id`))')
[ERROR] 2024-12-24 17:44:40 [cmdb.apps] Error during initialization: (1452, 'Cannot add or update a child row: a foreign key constraint fails (`cmdb`.`model_fields`, CONSTRAINT `model_fields_validation_rule_id_313cdd26_fk_validation_rules_id` FOREIGN KEY (`validation_rule_id`) REFERENCES `validation_rules` (`id`))')
[INFO] 2024-12-24 17:44:40 [django.utils.autoreload] Watching for file changes with StatReloader
[INFO] 2024-12-24 17:44:40 [django.utils.autoreload] Watching for file changes with StatReloader
[INFO] 2024-12-24 17:45:49 [cmdb.apps] Created validation rule: ip
[INFO] 2024-12-24 17:45:49 [cmdb.apps] Created validation rule: ipv4
[INFO] 2024-12-24 17:45:49 [cmdb.apps] Created validation rule: ipv6
[INFO] 2024-12-24 17:45:49 [cmdb.apps] Created validation rule: email
[INFO] 2024-12-24 17:45:49 [cmdb.apps] Created validation rule: phone
[INFO] 2024-12-24 17:45:49 [cmdb.apps] Created validation rule: url
[INFO] 2024-12-24 17:45:49 [cmdb.apps] Created validation rule: json
[INFO] 2024-12-24 17:45:49 [cmdb.apps] Created validation rule: date
[INFO] 2024-12-24 17:45:49 [cmdb.apps] Created validation rule: datetime
[INFO] 2024-12-24 17:45:49 [cmdb.apps] Created validation rule: timestamp
[INFO] 2024-12-24 17:45:49 [cmdb.apps] Created validation rule: boolean
[INFO] 2024-12-24 17:45:49 [cmdb.apps] Created validation rule: host_architecture
[INFO] 2024-12-24 17:45:49 [cmdb.apps] Created validation rule: host_vendor
[INFO] 2024-12-24 17:45:49 [cmdb.apps] Created validation rule: switch_vendor
[INFO] 2024-12-24 17:45:49 [cmdb.apps] Created validation rule: firewall_vendor
[INFO] 2024-12-24 17:45:49 [cmdb.apps] Created validation rule: vpn_vendor
[INFO] 2024-12-24 17:45:49 [cmdb.apps] Created validation rule: dwdm_vendor
[INFO] 2024-12-24 17:45:49 [cmdb.apps] Created validation rule: ha_status
[INFO] 2024-12-24 17:45:49 [cmdb.apps] Created validation rule: vpn_type
[INFO] 2024-12-24 17:45:49 [cmdb.apps] Created validation rule: hostname
[INFO] 2024-12-24 17:45:49 [cmdb.apps] Created validation rule: port_range
[INFO] 2024-12-24 17:45:49 [cmdb.apps] Created validation rule: price_range
[INFO] 2024-12-24 17:45:49 [cmdb.validators] Accepting value: None for field: ip
[INFO] 2024-12-24 17:45:49 [cmdb.serializers] Validated default: None
[INFO] 2024-12-24 17:45:49 [cmdb.serializers] Field ip converted default value: None, type: <class 'NoneType'>
[INFO] 2024-12-24 17:45:49 [cmdb.apps] Created new field ip for model hosts
[INFO] 2024-12-24 17:45:49 [cmdb.validators] Accepting value: None for field: mgmt_ip
[INFO] 2024-12-24 17:45:49 [cmdb.serializers] Validated default: None
[INFO] 2024-12-24 17:45:49 [cmdb.serializers] Field mgmt_ip converted default value: None, type: <class 'NoneType'>
[INFO] 2024-12-24 17:45:49 [cmdb.apps] Created new field mgmt_ip for model hosts
[INFO] 2024-12-24 17:45:49 [cmdb.validators] Accepting value: None for field: vendor
[INFO] 2024-12-24 17:45:49 [cmdb.serializers] Validated default: None
[INFO] 2024-12-24 17:45:49 [cmdb.serializers] Field vendor converted default value: None, type: <class 'NoneType'>
[INFO] 2024-12-24 17:45:49 [cmdb.apps] Created new field vendor for model hosts
[INFO] 2024-12-24 17:45:49 [cmdb.validators] Accepting value: None for field: serial_number
[INFO] 2024-12-24 17:45:49 [cmdb.serializers] Validated default: None
[INFO] 2024-12-24 17:45:49 [cmdb.serializers] Field serial_number converted default value: None, type: <class 'NoneType'>
[INFO] 2024-12-24 17:45:49 [cmdb.apps] Created new field serial_number for model hosts
[INFO] 2024-12-24 17:45:49 [cmdb.validators] Accepting value: None for field: architecture
[INFO] 2024-12-24 17:45:49 [cmdb.serializers] Validated default: None
[INFO] 2024-12-24 17:45:49 [cmdb.serializers] Field architecture converted default value: None, type: <class 'NoneType'>
[INFO] 2024-12-24 17:45:49 [cmdb.apps] Created new field architecture for model hosts
[INFO] 2024-12-24 17:45:50 [cmdb.validators] Accepting value: None for field: cpu_info
[INFO] 2024-12-24 17:45:50 [cmdb.serializers] Validated default: None
[INFO] 2024-12-24 17:45:50 [cmdb.serializers] Field cpu_info converted default value: None, type: <class 'NoneType'>
[INFO] 2024-12-24 17:45:50 [cmdb.apps] Created new field cpu_info for model hosts
[INFO] 2024-12-24 17:45:50 [cmdb.validators] Accepting value: None for field: memory_info
[INFO] 2024-12-24 17:45:50 [cmdb.serializers] Validated default: None
[INFO] 2024-12-24 17:45:50 [cmdb.serializers] Field memory_info converted default value: None, type: <class 'NoneType'>
[INFO] 2024-12-24 17:45:50 [cmdb.apps] Created new field memory_info for model hosts
[INFO] 2024-12-24 17:45:50 [cmdb.validators] Accepting value: None for field: os_arch
[INFO] 2024-12-24 17:45:50 [cmdb.serializers] Validated default: None
[INFO] 2024-12-24 17:45:50 [cmdb.serializers] Field os_arch converted default value: None, type: <class 'NoneType'>
[INFO] 2024-12-24 17:45:50 [cmdb.apps] Created new field os_arch for model hosts
[INFO] 2024-12-24 17:45:50 [cmdb.validators] Accepting value: None for field: os_version
[INFO] 2024-12-24 17:45:50 [cmdb.serializers] Validated default: None
[INFO] 2024-12-24 17:45:50 [cmdb.serializers] Field os_version converted default value: None, type: <class 'NoneType'>
[INFO] 2024-12-24 17:45:50 [cmdb.apps] Created new field os_version for model hosts
[INFO] 2024-12-24 17:45:50 [cmdb.validators] Accepting value: None for field: os_kernel_version
[INFO] 2024-12-24 17:45:50 [cmdb.serializers] Validated default: None
[INFO] 2024-12-24 17:45:50 [cmdb.serializers] Field os_kernel_version converted default value: None, type: <class 'NoneType'>
[INFO] 2024-12-24 17:45:50 [cmdb.apps] Created new field os_kernel_version for model hosts
[INFO] 2024-12-24 17:45:50 [cmdb.validators] Accepting value: None for field: hostname
[INFO] 2024-12-24 17:45:50 [cmdb.serializers] Validated default: None
[INFO] 2024-12-24 17:45:50 [cmdb.serializers] Field hostname converted default value: None, type: <class 'NoneType'>
[INFO] 2024-12-24 17:45:50 [cmdb.apps] Created new field hostname for model hosts
[INFO] 2024-12-24 17:45:50 [cmdb.validators] Accepting value: None for field: remarks
[INFO] 2024-12-24 17:45:50 [cmdb.serializers] Validated default: None
[INFO] 2024-12-24 17:45:50 [cmdb.serializers] Field remarks converted default value: None, type: <class 'NoneType'>
[INFO] 2024-12-24 17:45:50 [cmdb.apps] Created new field remarks for model hosts
[INFO] 2024-12-24 17:45:50 [cmdb.validators] Accepting value: None for field: enabled_at
[INFO] 2024-12-24 17:45:50 [cmdb.serializers] Validated default: None
[INFO] 2024-12-24 17:45:50 [cmdb.serializers] Field enabled_at converted default value: None, type: <class 'NoneType'>
[INFO] 2024-12-24 17:45:50 [cmdb.apps] Created new field enabled_at for model hosts
[INFO] 2024-12-24 17:45:50 [cmdb.validators] Accepting value: None for field: fault_status
[INFO] 2024-12-24 17:45:50 [cmdb.serializers] Validated default: None
[INFO] 2024-12-24 17:45:50 [cmdb.serializers] Field fault_status converted default value: None, type: <class 'NoneType'>
[INFO] 2024-12-24 17:45:50 [cmdb.apps] Created new field fault_status for model hosts
[INFO] 2024-12-24 17:45:50 [cmdb.validators] Accepting value: None for field: price
[INFO] 2024-12-24 17:45:50 [cmdb.serializers] Validated default: None
[INFO] 2024-12-24 17:45:50 [cmdb.serializers] Field price converted default value: None, type: <class 'NoneType'>
[INFO] 2024-12-24 17:45:50 [cmdb.apps] Created new field price for model hosts
[INFO] 2024-12-24 17:45:50 [cmdb.apps] Created field preference for model hosts
[INFO] 2024-12-24 17:45:50 [cmdb.apps] Created unique constraint for model hosts
[INFO] 2024-12-24 17:45:50 [cmdb.serializers] Created model: switches
[INFO] 2024-12-24 17:45:50 [cmdb.serializers] Created default field group for model: switches
[INFO] 2024-12-24 17:45:50 [cmdb.serializers] Created root group for model: switches
[INFO] 2024-12-24 17:45:50 [cmdb.serializers] Created unassigned pool group for model: switches
[INFO] 2024-12-24 17:45:50 [cmdb.apps] Created new model: switches
[INFO] 2024-12-24 17:45:50 [cmdb.validators] Accepting value: None for field: ip
[INFO] 2024-12-24 17:45:50 [cmdb.serializers] Validated default: None
[INFO] 2024-12-24 17:45:50 [cmdb.serializers] Field ip converted default value: None, type: <class 'NoneType'>
[INFO] 2024-12-24 17:45:50 [cmdb.apps] Created new field ip for model switches
[INFO] 2024-12-24 17:45:50 [cmdb.validators] Accepting value: None for field: vendor
[INFO] 2024-12-24 17:45:50 [cmdb.serializers] Validated default: None
[INFO] 2024-12-24 17:45:50 [cmdb.serializers] Field vendor converted default value: None, type: <class 'NoneType'>
[INFO] 2024-12-24 17:45:50 [cmdb.apps] Created new field vendor for model switches
[INFO] 2024-12-24 17:45:50 [cmdb.validators] Accepting value: None for field: model
[INFO] 2024-12-24 17:45:50 [cmdb.serializers] Validated default: None
[INFO] 2024-12-24 17:45:50 [cmdb.serializers] Field model converted default value: None, type: <class 'NoneType'>
[INFO] 2024-12-24 17:45:50 [cmdb.apps] Created new field model for model switches
[INFO] 2024-12-24 17:45:50 [cmdb.validators] Accepting value: None for field: serial_number
[INFO] 2024-12-24 17:45:50 [cmdb.serializers] Validated default: None
[INFO] 2024-12-24 17:45:50 [cmdb.serializers] Field serial_number converted default value: None, type: <class 'NoneType'>
[INFO] 2024-12-24 17:45:50 [cmdb.apps] Created new field serial_number for model switches
[INFO] 2024-12-24 17:45:50 [cmdb.validators] Accepting value: None for field: ports
[INFO] 2024-12-24 17:45:50 [cmdb.serializers] Validated default: None
[INFO] 2024-12-24 17:45:50 [cmdb.serializers] Field ports converted default value: None, type: <class 'NoneType'>
[INFO] 2024-12-24 17:45:50 [cmdb.apps] Created new field ports for model switches
[INFO] 2024-12-24 17:45:50 [cmdb.validators] Accepting value: None for field: firmware_version
[INFO] 2024-12-24 17:45:50 [cmdb.serializers] Validated default: None
[INFO] 2024-12-24 17:45:50 [cmdb.serializers] Field firmware_version converted default value: None, type: <class 'NoneType'>
[INFO] 2024-12-24 17:45:50 [cmdb.apps] Created new field firmware_version for model switches
[INFO] 2024-12-24 17:45:50 [cmdb.validators] Accepting value: None for field: remarks
[INFO] 2024-12-24 17:45:50 [cmdb.serializers] Validated default: None
[INFO] 2024-12-24 17:45:50 [cmdb.serializers] Field remarks converted default value: None, type: <class 'NoneType'>
[INFO] 2024-12-24 17:45:50 [cmdb.apps] Created new field remarks for model switches
[INFO] 2024-12-24 17:45:50 [cmdb.apps] Created field preference for model switches
[INFO] 2024-12-24 17:45:50 [cmdb.apps] Created unique constraint for model switches
[INFO] 2024-12-24 17:45:50 [cmdb.serializers] Created model: firewalls
[INFO] 2024-12-24 17:45:50 [cmdb.serializers] Created default field group for model: firewalls
[INFO] 2024-12-24 17:45:50 [cmdb.serializers] Created root group for model: firewalls
[INFO] 2024-12-24 17:45:50 [cmdb.serializers] Created unassigned pool group for model: firewalls
[INFO] 2024-12-24 17:45:50 [cmdb.apps] Created new model: firewalls
[INFO] 2024-12-24 17:45:50 [cmdb.validators] Accepting value: None for field: ip
[INFO] 2024-12-24 17:45:50 [cmdb.serializers] Validated default: None
[INFO] 2024-12-24 17:45:50 [cmdb.serializers] Field ip converted default value: None, type: <class 'NoneType'>
[INFO] 2024-12-24 17:45:50 [cmdb.apps] Created new field ip for model firewalls
[INFO] 2024-12-24 17:45:50 [cmdb.validators] Accepting value: None for field: vendor
[INFO] 2024-12-24 17:45:50 [cmdb.serializers] Validated default: None
[INFO] 2024-12-24 17:45:50 [cmdb.serializers] Field vendor converted default value: None, type: <class 'NoneType'>
[INFO] 2024-12-24 17:45:50 [cmdb.apps] Created new field vendor for model firewalls
[INFO] 2024-12-24 17:45:50 [cmdb.validators] Accepting value: None for field: model
[INFO] 2024-12-24 17:45:50 [cmdb.serializers] Validated default: None
[INFO] 2024-12-24 17:45:50 [cmdb.serializers] Field model converted default value: None, type: <class 'NoneType'>
[INFO] 2024-12-24 17:45:50 [cmdb.apps] Created new field model for model firewalls
[INFO] 2024-12-24 17:45:50 [cmdb.validators] Accepting value: None for field: serial_number
[INFO] 2024-12-24 17:45:50 [cmdb.serializers] Validated default: None
[INFO] 2024-12-24 17:45:50 [cmdb.serializers] Field serial_number converted default value: None, type: <class 'NoneType'>
[INFO] 2024-12-24 17:45:50 [cmdb.apps] Created new field serial_number for model firewalls
[INFO] 2024-12-24 17:45:50 [cmdb.validators] Accepting value: None for field: firmware_version
[INFO] 2024-12-24 17:45:50 [cmdb.serializers] Validated default: None
[INFO] 2024-12-24 17:45:50 [cmdb.serializers] Field firmware_version converted default value: None, type: <class 'NoneType'>
[INFO] 2024-12-24 17:45:50 [cmdb.apps] Created new field firmware_version for model firewalls
[INFO] 2024-12-24 17:45:50 [cmdb.validators] Accepting value: None for field: ha_status
[INFO] 2024-12-24 17:45:50 [cmdb.serializers] Validated default: None
[INFO] 2024-12-24 17:45:50 [cmdb.serializers] Field ha_status converted default value: None, type: <class 'NoneType'>
[INFO] 2024-12-24 17:45:50 [cmdb.apps] Created new field ha_status for model firewalls
[INFO] 2024-12-24 17:45:50 [cmdb.validators] Accepting value: None for field: remarks
[INFO] 2024-12-24 17:45:50 [cmdb.serializers] Validated default: None
[INFO] 2024-12-24 17:45:50 [cmdb.serializers] Field remarks converted default value: None, type: <class 'NoneType'>
[INFO] 2024-12-24 17:45:51 [cmdb.apps] Created new field remarks for model firewalls
[INFO] 2024-12-24 17:45:51 [cmdb.apps] Created field preference for model firewalls
[INFO] 2024-12-24 17:45:51 [cmdb.apps] Created unique constraint for model firewalls
[INFO] 2024-12-24 17:45:51 [cmdb.serializers] Created model: vpn
[INFO] 2024-12-24 17:45:51 [cmdb.serializers] Created default field group for model: vpn
[INFO] 2024-12-24 17:45:51 [cmdb.serializers] Created root group for model: vpn
[INFO] 2024-12-24 17:45:51 [cmdb.serializers] Created unassigned pool group for model: vpn
[INFO] 2024-12-24 17:45:51 [cmdb.apps] Created new model: vpn
[INFO] 2024-12-24 17:45:51 [cmdb.validators] Accepting value: None for field: ip
[INFO] 2024-12-24 17:45:51 [cmdb.serializers] Validated default: None
[INFO] 2024-12-24 17:45:51 [cmdb.serializers] Field ip converted default value: None, type: <class 'NoneType'>
[INFO] 2024-12-24 17:45:51 [cmdb.apps] Created new field ip for model vpn
[INFO] 2024-12-24 17:45:51 [cmdb.validators] Accepting value: None for field: vendor
[INFO] 2024-12-24 17:45:51 [cmdb.serializers] Validated default: None
[INFO] 2024-12-24 17:45:51 [cmdb.serializers] Field vendor converted default value: None, type: <class 'NoneType'>
[INFO] 2024-12-24 17:45:51 [cmdb.apps] Created new field vendor for model vpn
[INFO] 2024-12-24 17:45:51 [cmdb.validators] Accepting value: None for field: model
[INFO] 2024-12-24 17:45:51 [cmdb.serializers] Validated default: None
[INFO] 2024-12-24 17:45:51 [cmdb.serializers] Field model converted default value: None, type: <class 'NoneType'>
[INFO] 2024-12-24 17:45:51 [cmdb.apps] Created new field model for model vpn
[INFO] 2024-12-24 17:45:51 [cmdb.validators] Accepting value: None for field: vpn_type
[INFO] 2024-12-24 17:45:51 [cmdb.serializers] Validated default: None
[INFO] 2024-12-24 17:45:51 [cmdb.serializers] Field vpn_type converted default value: None, type: <class 'NoneType'>
[INFO] 2024-12-24 17:45:51 [cmdb.apps] Created new field vpn_type for model vpn
[INFO] 2024-12-24 17:45:51 [cmdb.validators] Accepting value: None for field: remarks
[INFO] 2024-12-24 17:45:51 [cmdb.serializers] Validated default: None
[INFO] 2024-12-24 17:45:51 [cmdb.serializers] Field remarks converted default value: None, type: <class 'NoneType'>
[INFO] 2024-12-24 17:45:51 [cmdb.apps] Created new field remarks for model vpn
[INFO] 2024-12-24 17:45:51 [cmdb.apps] Created field preference for model vpn
[INFO] 2024-12-24 17:45:51 [cmdb.apps] Created unique constraint for model vpn
[INFO] 2024-12-24 17:45:51 [cmdb.serializers] Created model: dwdm
[INFO] 2024-12-24 17:45:51 [cmdb.serializers] Created default field group for model: dwdm
[INFO] 2024-12-24 17:45:51 [cmdb.serializers] Created root group for model: dwdm
[INFO] 2024-12-24 17:45:51 [cmdb.serializers] Created unassigned pool group for model: dwdm
[INFO] 2024-12-24 17:45:51 [cmdb.apps] Created new model: dwdm
[INFO] 2024-12-24 17:45:51 [cmdb.validators] Accepting value: None for field: ip
[INFO] 2024-12-24 17:45:51 [cmdb.serializers] Validated default: None
[INFO] 2024-12-24 17:45:51 [cmdb.serializers] Field ip converted default value: None, type: <class 'NoneType'>
[INFO] 2024-12-24 17:45:51 [cmdb.apps] Created new field ip for model dwdm
[INFO] 2024-12-24 17:45:51 [cmdb.validators] Accepting value: None for field: vendor
[INFO] 2024-12-24 17:45:51 [cmdb.serializers] Validated default: None
[INFO] 2024-12-24 17:45:51 [cmdb.serializers] Field vendor converted default value: None, type: <class 'NoneType'>
[INFO] 2024-12-24 17:45:51 [cmdb.apps] Created new field vendor for model dwdm
[INFO] 2024-12-24 17:45:51 [cmdb.validators] Accepting value: None for field: model
[INFO] 2024-12-24 17:45:51 [cmdb.serializers] Validated default: None
[INFO] 2024-12-24 17:45:51 [cmdb.serializers] Field model converted default value: None, type: <class 'NoneType'>
[INFO] 2024-12-24 17:45:51 [cmdb.apps] Created new field model for model dwdm
[INFO] 2024-12-24 17:45:51 [cmdb.validators] Accepting value: None for field: serial_number
[INFO] 2024-12-24 17:45:51 [cmdb.serializers] Validated default: None
[INFO] 2024-12-24 17:45:51 [cmdb.serializers] Field serial_number converted default value: None, type: <class 'NoneType'>
[INFO] 2024-12-24 17:45:51 [cmdb.apps] Created new field serial_number for model dwdm
[INFO] 2024-12-24 17:45:51 [cmdb.validators] Accepting value: None for field: wavelength_number
[INFO] 2024-12-24 17:45:51 [cmdb.serializers] Validated default: None
[INFO] 2024-12-24 17:45:51 [cmdb.serializers] Field wavelength_number converted default value: None, type: <class 'NoneType'>
[INFO] 2024-12-24 17:45:51 [cmdb.apps] Created new field wavelength_number for model dwdm
[INFO] 2024-12-24 17:45:51 [cmdb.validators] Accepting value: None for field: transmission_rate
[INFO] 2024-12-24 17:45:51 [cmdb.serializers] Validated default: None
[INFO] 2024-12-24 17:45:51 [cmdb.serializers] Field transmission_rate converted default value: None, type: <class 'NoneType'>
[INFO] 2024-12-24 17:45:51 [cmdb.apps] Created new field transmission_rate for model dwdm
[INFO] 2024-12-24 17:45:51 [cmdb.validators] Accepting value: None for field: remarks
[INFO] 2024-12-24 17:45:51 [cmdb.serializers] Validated default: None
[INFO] 2024-12-24 17:45:51 [cmdb.serializers] Field remarks converted default value: None, type: <class 'NoneType'>
[INFO] 2024-12-24 17:45:51 [cmdb.apps] Created new field remarks for model dwdm
[INFO] 2024-12-24 17:45:51 [cmdb.apps] Created field preference for model dwdm
[INFO] 2024-12-24 17:45:51 [cmdb.apps] Created unique constraint for model dwdm
[INFO] 2024-12-24 17:45:52 [django.utils.autoreload] Watching for file changes with StatReloader
[INFO] 2024-12-24 17:45:52 [django.utils.autoreload] Watching for file changes with StatReloader
[INFO] 2024-12-24 17:46:27 [django.utils.autoreload] C:\Users\78712\Desktop\teligen-ui\vue\django\cmdb\models.py changed, reloading.
[INFO] 2024-12-24 17:46:27 [django.utils.autoreload] C:\Users\78712\Desktop\teligen-ui\vue\django\cmdb\models.py changed, reloading.
[INFO] 2024-12-24 17:46:29 [django.utils.autoreload] Watching for file changes with StatReloader
[INFO] 2024-12-24 17:46:29 [django.utils.autoreload] Watching for file changes with StatReloader
[INFO] 2024-12-24 17:47:24 [django.utils.autoreload] Watching for file changes with StatReloader
[INFO] 2024-12-24 17:47:24 [django.utils.autoreload] Watching for file changes with StatReloader
[INFO] 2024-12-24 17:47:41 [django.utils.autoreload] Watching for file changes with StatReloader
[INFO] 2024-12-24 17:47:41 [django.utils.autoreload] Watching for file changes with StatReloader
